[    43.592] (--) Log file renamed from "/home/tito/.local/share/xorg/Xorg.pid-1295.log" to "/home/tito/.local/share/xorg/Xorg.0.log"
[    43.593] 
X.Org X Server 1.20.4
X Protocol Version 11, Revision 0
[    43.593] Build Operating System: Linux 4.4.0-148-generic x86_64 Ubuntu
[    43.593] Current Operating System: Linux reptar 5.0.0-37-generic #40~18.04.1-Ubuntu SMP Thu Nov 14 12:06:39 UTC 2019 x86_64
[    43.593] Kernel command line: BOOT_IMAGE=/boot/vmlinuz-5.0.0-37-generic root=UUID=1cd44e01-d2aa-4f36-9bbb-4ecfb81cb19e ro quiet splash vt.handoff=1
[    43.593] Build Date: 02 May 2019  08:06:54AM
[    43.593] xorg-server-hwe-18.04 2:1.20.4-1ubuntu3~18.04.1 (For technical support please see http://www.ubuntu.com/support) 
[    43.593] Current version of pixman: 0.34.0
[    43.593] 	Before reporting problems, check http://wiki.x.org
	to make sure that you have the latest version.
[    43.593] Markers: (--) probed, (**) from config file, (==) default setting,
	(++) from command line, (!!) notice, (II) informational,
	(WW) warning, (EE) error, (NI) not implemented, (??) unknown.
[    43.593] (==) Log file: "/home/tito/.local/share/xorg/Xorg.0.log", Time: Thu Jan  9 10:00:49 2020
[    43.642] (==) Using system config directory "/usr/share/X11/xorg.conf.d"
[    43.665] (==) No Layout section.  Using the first Screen section.
[    43.665] (==) No screen section available. Using defaults.
[    43.665] (**) |-->Screen "Default Screen Section" (0)
[    43.665] (**) |   |-->Monitor "<default monitor>"
[    43.667] (==) No monitor specified for screen "Default Screen Section".
	Using a default monitor configuration.
[    43.667] (==) Automatically adding devices
[    43.667] (==) Automatically enabling devices
[    43.667] (==) Automatically adding GPU devices
[    43.667] (==) Automatically binding GPU devices
[    43.667] (==) Max clients allowed: 256, resource mask: 0x1fffff
[    43.667] (WW) The directory "/usr/share/fonts/X11/cyrillic" does not exist.
[    43.667] 	Entry deleted from font path.
[    43.667] (WW) The directory "/usr/share/fonts/X11/100dpi/" does not exist.
[    43.667] 	Entry deleted from font path.
[    43.667] (WW) The directory "/usr/share/fonts/X11/75dpi/" does not exist.
[    43.667] 	Entry deleted from font path.
[    43.667] (WW) The directory "/usr/share/fonts/X11/100dpi" does not exist.
[    43.667] 	Entry deleted from font path.
[    43.667] (WW) The directory "/usr/share/fonts/X11/75dpi" does not exist.
[    43.667] 	Entry deleted from font path.
[    43.667] (==) FontPath set to:
	/usr/share/fonts/X11/misc,
	/usr/share/fonts/X11/Type1,
	built-ins
[    43.667] (==) ModulePath set to "/usr/lib/xorg/modules"
[    43.667] (II) The server relies on udev to provide the list of input devices.
	If no devices become available, reconfigure udev or disable AutoAddDevices.
[    43.668] (II) Loader magic: 0x55cb6395d020
[    43.668] (II) Module ABI versions:
[    43.668] 	X.Org ANSI C Emulation: 0.4
[    43.668] 	X.Org Video Driver: 24.0
[    43.668] 	X.Org XInput driver : 24.1
[    43.668] 	X.Org Server Extension : 10.0
[    43.669] (++) using VT number 2

[    43.675] (II) systemd-logind: took control of session /org/freedesktop/login1/session/_32
[    43.677] (II) xfree86: Adding drm device (/dev/dri/card0)
[    43.679] (II) systemd-logind: got fd for /dev/dri/card0 226:0 fd 12 paused 0
[    43.679] (II) xfree86: Adding drm device (/dev/dri/card1)
[    43.680] (II) systemd-logind: got fd for /dev/dri/card1 226:1 fd 13 paused 0
[    43.683] (--) PCI:*(0@0:2:0) 8086:0a16:17aa:3978 rev 9, Mem @ 0xf3000000/4194304, 0xd0000000/268435456, I/O @ 0x00005000/64, BIOS @ 0x????????/131072
[    43.683] (--) PCI: (4@0:0:0) 10de:1140:17aa:3816 rev 161, Mem @ 0xf2000000/16777216, 0xe0000000/268435456, 0xf0000000/33554432, I/O @ 0x00003000/128
[    43.683] (II) LoadModule: "glx"
[    43.694] (II) Loading /usr/lib/xorg/modules/extensions/libglx.so
[    43.702] (II) Module glx: vendor="X.Org Foundation"
[    43.702] 	compiled for 1.20.4, module version = 1.0.0
[    43.702] 	ABI class: X.Org Server Extension, version 10.0
[    43.758] (==) Matched modesetting as autoconfigured driver 0
[    43.758] (==) Matched fbdev as autoconfigured driver 1
[    43.758] (==) Matched vesa as autoconfigured driver 2
[    43.758] (==) Assigned the driver to the xf86ConfigLayout
[    43.758] (II) LoadModule: "modesetting"
[    43.759] (II) Loading /usr/lib/xorg/modules/drivers/modesetting_drv.so
[    43.762] (II) Module modesetting: vendor="X.Org Foundation"
[    43.762] 	compiled for 1.20.4, module version = 1.20.4
[    43.762] 	Module class: X.Org Video Driver
[    43.762] 	ABI class: X.Org Video Driver, version 24.0
[    43.762] (II) LoadModule: "fbdev"
[    43.763] (II) Loading /usr/lib/xorg/modules/drivers/fbdev_drv.so
[    43.771] (II) Module fbdev: vendor="X.Org Foundation"
[    43.771] 	compiled for 1.20.1, module version = 0.5.0
[    43.771] 	Module class: X.Org Video Driver
[    43.772] 	ABI class: X.Org Video Driver, version 24.0
[    43.772] (II) LoadModule: "vesa"
[    43.772] (II) Loading /usr/lib/xorg/modules/drivers/vesa_drv.so
[    43.783] (II) Module vesa: vendor="X.Org Foundation"
[    43.783] 	compiled for 1.20.1, module version = 2.4.0
[    43.783] 	Module class: X.Org Video Driver
[    43.783] 	ABI class: X.Org Video Driver, version 24.0
[    43.783] (II) modesetting: Driver for Modesetting Kernel Drivers: kms
[    43.783] (II) FBDEV: driver for framebuffer: fbdev
[    43.783] (II) VESA: driver for VESA chipsets: vesa
[    43.783] xf86EnableIOPorts: failed to set IOPL for I/O (Operation not permitted)
[    43.783] (II) modeset(0): using drv /dev/dri/card0
[    43.783] (WW) Falling back to old probe method for fbdev
[    43.783] (II) Loading sub module "fbdevhw"
[    43.783] (II) LoadModule: "fbdevhw"
[    43.784] (II) Loading /usr/lib/xorg/modules/libfbdevhw.so
[    43.787] (II) Module fbdevhw: vendor="X.Org Foundation"
[    43.788] 	compiled for 1.20.4, module version = 0.0.2
[    43.788] 	ABI class: X.Org Video Driver, version 24.0
[    43.788] (EE) open /dev/fb0: Permission denied
[    43.788] (II) modeset(G0): using drv /dev/dri/card1
[    43.788] (WW) VGA arbiter: cannot open kernel arbiter, no multi-card support
[    43.788] (II) modeset(0): Creating default Display subsection in Screen section
	"Default Screen Section" for depth/fbbpp 24/32
[    43.788] (==) modeset(0): Depth 24, (==) framebuffer bpp 32
[    43.788] (==) modeset(0): RGB weight 888
[    43.788] (==) modeset(0): Default visual is TrueColor
[    43.788] (II) Loading sub module "glamoregl"
[    43.788] (II) LoadModule: "glamoregl"
[    43.788] (II) Loading /usr/lib/xorg/modules/libglamoregl.so
[    43.807] (II) Module glamoregl: vendor="X.Org Foundation"
[    43.807] 	compiled for 1.20.4, module version = 1.0.1
[    43.807] 	ABI class: X.Org ANSI C Emulation, version 0.4
[    43.855] (II) modeset(0): glamor X acceleration enabled on Mesa DRI Intel(R) Haswell Mobile 
[    43.855] (II) modeset(0): glamor initialized
[    43.856] (II) modeset(0): Output eDP-1 has no monitor section
[    43.857] (II) modeset(0): Output HDMI-1 has no monitor section
[    43.857] (II) modeset(0): Output DP-1 has no monitor section
[    43.859] (II) modeset(0): Output HDMI-2 has no monitor section
[    43.862] (II) modeset(0): EDID for output eDP-1
[    43.862] (II) modeset(0): Manufacturer: CMN  Model: 1476  Serial#: 0
[    43.862] (II) modeset(0): Year: 2011  Week: 51
[    43.862] (II) modeset(0): EDID Version: 1.3
[    43.862] (II) modeset(0): Digital Display Input
[    43.862] (II) modeset(0): Max Image Size [cm]: horiz.: 31  vert.: 17
[    43.862] (II) modeset(0): Gamma: 2.20
[    43.862] (II) modeset(0): No DPMS capabilities specified
[    43.862] (II) modeset(0): Supported color encodings: RGB 4:4:4 YCrCb 4:4:4 
[    43.862] (II) modeset(0): First detailed timing is preferred mode
[    43.862] (II) modeset(0): redX: 0.590 redY: 0.342   greenX: 0.330 greenY: 0.562
[    43.862] (II) modeset(0): blueX: 0.160 blueY: 0.140   whiteX: 0.313 whiteY: 0.329
[    43.862] (II) modeset(0): Manufacturer's mask: 0
[    43.862] (II) modeset(0): Supported detailed timing:
[    43.862] (II) modeset(0): clock: 71.6 MHz   Image Size:  309 x 174 mm
[    43.862] (II) modeset(0): h_active: 1366  h_sync: 1410  h_sync_end 1439 h_blank_end 1512 h_border: 0
[    43.862] (II) modeset(0): v_active: 768  v_sync: 771  v_sync_end 775 v_blanking: 789 v_border: 0
[    43.862] (II) modeset(0):  N140BGE-LB2
[    43.862] (II) modeset(0):  CMN
[    43.862] (II) modeset(0):  N140BGE-LB2
[    43.862] (II) modeset(0): EDID (in hex):
[    43.862] (II) modeset(0): 	00ffffffffffff000dae761400000000
[    43.862] (II) modeset(0): 	33150103801f11780a2b359757548f29
[    43.862] (II) modeset(0): 	23505400000001010101010101010101
[    43.862] (II) modeset(0): 	010101010101f71b5692500015302c1d
[    43.862] (II) modeset(0): 	340035ae10000018000000fe004e3134
[    43.863] (II) modeset(0): 	304247452d4c42320a20000000fe0043
[    43.863] (II) modeset(0): 	4d4e0a202020202020202020000000fe
[    43.863] (II) modeset(0): 	004e3134304247452d4c42320a200069
[    43.863] (II) modeset(0): Printing probed modes for output eDP-1
[    43.863] (II) modeset(0): Modeline "1366x768"x60.0   71.59  1366 1410 1439 1512  768 771 775 789 -hsync -vsync (47.3 kHz eP)
[    43.863] (II) modeset(0): Modeline "1360x768"x59.8   84.75  1360 1432 1568 1776  768 771 781 798 -hsync +vsync (47.7 kHz d)
[    43.863] (II) modeset(0): Modeline "1360x768"x60.0   72.00  1360 1408 1440 1520  768 771 781 790 +hsync -vsync (47.4 kHz d)
[    43.863] (II) modeset(0): Modeline "1280x720"x120.0  156.12  1280 1376 1512 1744  720 721 724 746 doublescan -hsync +vsync (89.5 kHz d)
[    43.863] (II) modeset(0): Modeline "1280x720"x120.0  120.75  1280 1304 1320 1360  720 721 724 740 doublescan +hsync -vsync (88.8 kHz d)
[    43.863] (II) modeset(0): Modeline "1280x720"x59.9   74.50  1280 1344 1472 1664  720 723 728 748 -hsync +vsync (44.8 kHz d)
[    43.863] (II) modeset(0): Modeline "1280x720"x59.7   63.75  1280 1328 1360 1440  720 723 728 741 +hsync -vsync (44.3 kHz d)
[    43.863] (II) modeset(0): Modeline "1024x768"x120.1  133.47  1024 1100 1212 1400  768 768 770 794 doublescan -hsync +vsync (95.3 kHz d)
[    43.863] (II) modeset(0): Modeline "1024x768"x60.0   65.00  1024 1048 1184 1344  768 771 777 806 -hsync -vsync (48.4 kHz d)
[    43.863] (II) modeset(0): Modeline "960x720"x120.0  117.00  960 1024 1128 1300  720 720 722 750 doublescan -hsync +vsync (90.0 kHz d)
[    43.863] (II) modeset(0): Modeline "928x696"x120.1  109.15  928 976 1088 1264  696 696 698 719 doublescan -hsync +vsync (86.4 kHz d)
[    43.863] (II) modeset(0): Modeline "896x672"x120.0  102.40  896 960 1060 1224  672 672 674 697 doublescan -hsync +vsync (83.7 kHz d)
[    43.863] (II) modeset(0): Modeline "1024x576"x119.9   98.50  1024 1092 1200 1376  576 577 580 597 doublescan -hsync +vsync (71.6 kHz d)
[    43.863] (II) modeset(0): Modeline "1024x576"x119.9   78.38  1024 1048 1064 1104  576 577 580 592 doublescan +hsync -vsync (71.0 kHz d)
[    43.863] (II) modeset(0): Modeline "1024x576"x59.9   46.50  1024 1064 1160 1296  576 579 584 599 -hsync +vsync (35.9 kHz d)
[    43.863] (II) modeset(0): Modeline "1024x576"x59.8   42.00  1024 1072 1104 1184  576 579 584 593 +hsync -vsync (35.5 kHz d)
[    43.863] (II) modeset(0): Modeline "960x600"x119.9   96.62  960 1028 1128 1296  600 601 604 622 doublescan -hsync +vsync (74.6 kHz d)
[    43.863] (II) modeset(0): Modeline "960x600"x120.0   77.00  960 984 1000 1040  600 601 604 617 doublescan +hsync -vsync (74.0 kHz d)
[    43.863] (II) modeset(0): Modeline "960x540"x119.9   86.50  960 1024 1124 1288  540 541 544 560 doublescan -hsync +vsync (67.2 kHz d)
[    43.863] (II) modeset(0): Modeline "960x540"x120.0   69.25  960 984 1000 1040  540 541 544 555 doublescan +hsync -vsync (66.6 kHz d)
[    43.863] (II) modeset(0): Modeline "960x540"x59.6   40.75  960 992 1088 1216  540 543 548 562 -hsync +vsync (33.5 kHz d)
[    43.863] (II) modeset(0): Modeline "960x540"x59.8   37.25  960 1008 1040 1120  540 543 548 556 +hsync -vsync (33.3 kHz d)
[    43.863] (II) modeset(0): Modeline "800x600"x120.0   81.00  800 832 928 1080  600 600 602 625 doublescan +hsync +vsync (75.0 kHz d)
[    43.863] (II) modeset(0): Modeline "800x600"x60.3   40.00  800 840 968 1056  600 601 605 628 +hsync +vsync (37.9 kHz d)
[    43.863] (II) modeset(0): Modeline "800x600"x56.2   36.00  800 824 896 1024  600 601 603 625 +hsync +vsync (35.2 kHz d)
[    43.863] (II) modeset(0): Modeline "840x525"x120.0   73.12  840 892 980 1120  525 526 529 544 doublescan -hsync +vsync (65.3 kHz d)
[    43.863] (II) modeset(0): Modeline "840x525"x119.8   59.50  840 864 880 920  525 526 529 540 doublescan +hsync -vsync (64.7 kHz d)
[    43.863] (II) modeset(0): Modeline "864x486"x59.9   32.50  864 888 968 1072  486 489 494 506 -hsync +vsync (30.3 kHz d)
[    43.863] (II) modeset(0): Modeline "864x486"x59.6   30.50  864 912 944 1024  486 489 494 500 +hsync -vsync (29.8 kHz d)
[    43.863] (II) modeset(0): Modeline "800x512"x120.3   51.56  800 800 828 832  512 512 514 515 doublescan +hsync +vsync (62.0 kHz d)
[    43.864] (II) modeset(0): Modeline "700x525"x120.0   61.00  700 744 820 940  525 526 532 541 doublescan +hsync +vsync (64.9 kHz d)
[    43.864] (II) modeset(0): Modeline "800x450"x119.9   59.12  800 848 928 1056  450 451 454 467 doublescan -hsync +vsync (56.0 kHz d)
[    43.864] (II) modeset(0): Modeline "800x450"x119.6   48.75  800 824 840 880  450 451 454 463 doublescan +hsync -vsync (55.4 kHz d)
[    43.864] (II) modeset(0): Modeline "640x512"x120.0   54.00  640 664 720 844  512 512 514 533 doublescan +hsync +vsync (64.0 kHz d)
[    43.864] (II) modeset(0): Modeline "720x450"x119.8   53.25  720 760 836 952  450 451 454 467 doublescan -hsync +vsync (55.9 kHz d)
[    43.864] (II) modeset(0): Modeline "700x450"x119.9   51.75  700 740 812 924  450 451 456 467 doublescan -hsync +vsync (56.0 kHz d)
[    43.864] (II) modeset(0): Modeline "700x450"x119.8   43.25  700 724 740 780  450 451 456 463 doublescan +hsync -vsync (55.4 kHz d)
[    43.864] (II) modeset(0): Modeline "640x480"x120.0   54.00  640 688 744 900  480 480 482 500 doublescan +hsync +vsync (60.0 kHz d)
[    43.864] (II) modeset(0): Modeline "640x480"x59.9   25.18  640 656 752 800  480 490 492 525 -hsync -vsync (31.5 kHz d)
[    43.864] (II) modeset(0): Modeline "720x405"x59.5   22.50  720 744 808 896  405 408 413 422 -hsync +vsync (25.1 kHz d)
[    43.864] (II) modeset(0): Modeline "720x405"x59.0   21.75  720 768 800 880  405 408 413 419 +hsync -vsync (24.7 kHz d)
[    43.864] (II) modeset(0): Modeline "684x384"x119.8   42.62  684 720 788 892  384 385 390 399 doublescan -hsync +vsync (47.8 kHz d)
[    43.864] (II) modeset(0): Modeline "684x384"x119.7   36.12  684 708 724 764  384 385 390 395 doublescan +hsync -vsync (47.3 kHz d)
[    43.864] (II) modeset(0): Modeline "680x384"x119.6   42.38  680 716 784 888  384 385 390 399 doublescan -hsync +vsync (47.7 kHz d)
[    43.864] (II) modeset(0): Modeline "680x384"x119.9   36.00  680 704 720 760  384 385 390 395 doublescan +hsync -vsync (47.4 kHz d)
[    43.864] (II) modeset(0): Modeline "640x400"x119.8   41.75  640 676 740 840  400 401 404 415 doublescan -hsync +vsync (49.7 kHz d)
[    43.864] (II) modeset(0): Modeline "640x400"x120.0   35.50  640 664 680 720  400 401 404 411 doublescan +hsync -vsync (49.3 kHz d)
[    43.864] (II) modeset(0): Modeline "576x432"x120.1   40.81  576 608 668 760  432 432 434 447 doublescan -hsync +vsync (53.7 kHz d)
[    43.864] (II) modeset(0): Modeline "640x360"x119.7   37.25  640 672 736 832  360 361 364 374 doublescan -hsync +vsync (44.8 kHz d)
[    43.864] (II) modeset(0): Modeline "640x360"x119.7   31.88  640 664 680 720  360 361 364 370 doublescan +hsync -vsync (44.3 kHz d)
[    43.864] (II) modeset(0): Modeline "640x360"x59.8   18.00  640 664 720 800  360 363 368 376 -hsync +vsync (22.5 kHz d)
[    43.864] (II) modeset(0): Modeline "640x360"x59.3   17.75  640 688 720 800  360 363 368 374 +hsync -vsync (22.2 kHz d)
[    43.864] (II) modeset(0): Modeline "512x384"x120.0   32.50  512 524 592 672  384 385 388 403 doublescan -hsync -vsync (48.4 kHz d)
[    43.864] (II) modeset(0): Modeline "512x288"x120.0   23.25  512 532 580 648  288 289 292 299 doublescan -hsync +vsync (35.9 kHz d)
[    43.864] (II) modeset(0): Modeline "512x288"x119.8   21.00  512 536 552 592  288 289 292 296 doublescan +hsync -vsync (35.5 kHz d)
[    43.864] (II) modeset(0): Modeline "480x270"x119.3   20.38  480 496 544 608  270 271 274 281 doublescan -hsync +vsync (33.5 kHz d)
[    43.864] (II) modeset(0): Modeline "480x270"x119.6   18.62  480 504 520 560  270 271 274 278 doublescan +hsync -vsync (33.3 kHz d)
[    43.864] (II) modeset(0): Modeline "400x300"x120.6   20.00  400 420 484 528  300 300 302 314 doublescan +hsync +vsync (37.9 kHz d)
[    43.864] (II) modeset(0): Modeline "400x300"x112.7   18.00  400 412 448 512  300 300 301 312 doublescan +hsync +vsync (35.2 kHz d)
[    43.864] (II) modeset(0): Modeline "432x243"x119.8   16.25  432 444 484 536  243 244 247 253 doublescan -hsync +vsync (30.3 kHz d)
[    43.864] (II) modeset(0): Modeline "432x243"x119.1   15.25  432 456 472 512  243 244 247 250 doublescan +hsync -vsync (29.8 kHz d)
[    43.864] (II) modeset(0): Modeline "320x240"x120.1   12.59  320 328 376 400  240 245 246 262 doublescan -hsync -vsync (31.5 kHz d)
[    43.864] (II) modeset(0): Modeline "360x202"x119.0   11.25  360 372 404 448  202 204 206 211 doublescan -hsync +vsync (25.1 kHz d)
[    43.864] (II) modeset(0): Modeline "360x202"x118.3   10.88  360 384 400 440  202 204 206 209 doublescan +hsync -vsync (24.7 kHz d)
[    43.864] (II) modeset(0): Modeline "320x180"x119.7    9.00  320 332 360 400  180 181 184 188 doublescan -hsync +vsync (22.5 kHz d)
[    43.864] (II) modeset(0): Modeline "320x180"x118.6    8.88  320 344 360 400  180 181 184 187 doublescan +hsync -vsync (22.2 kHz d)
[    43.865] (II) modeset(0): EDID for output HDMI-1
[    43.865] (II) modeset(0): EDID for output DP-1
[    43.867] (II) modeset(0): EDID for output HDMI-2
[    43.867] (II) modeset(0): Output eDP-1 connected
[    43.867] (II) modeset(0): Output HDMI-1 disconnected
[    43.867] (II) modeset(0): Output DP-1 disconnected
[    43.867] (II) modeset(0): Output HDMI-2 disconnected
[    43.867] (II) modeset(0): Using exact sizes for initial modes
[    43.867] (II) modeset(0): Output eDP-1 using initial mode 1366x768 +0+0
[    43.867] (==) modeset(0): Using gamma correction (1.0, 1.0, 1.0)
[    43.867] (==) modeset(0): DPI set to (96, 96)
[    43.867] (II) Loading sub module "fb"
[    43.867] (II) LoadModule: "fb"
[    43.867] (II) Loading /usr/lib/xorg/modules/libfb.so
[    43.898] (II) Module fb: vendor="X.Org Foundation"
[    43.899] 	compiled for 1.20.4, module version = 1.0.0
[    43.899] 	ABI class: X.Org ANSI C Emulation, version 0.4
[    43.899] (==) modeset(G0): Depth 24, (==) framebuffer bpp 32
[    43.899] (==) modeset(G0): RGB weight 888
[    43.899] (==) modeset(G0): Default visual is TrueColor
[    43.899] (II) Loading sub module "glamoregl"
[    43.899] (II) LoadModule: "glamoregl"
[    43.899] (II) Loading /usr/lib/xorg/modules/libglamoregl.so
[    43.899] (II) Module glamoregl: vendor="X.Org Foundation"
[    43.899] 	compiled for 1.20.4, module version = 1.0.1
[    43.899] 	ABI class: X.Org ANSI C Emulation, version 0.4
[    44.132] (II) modeset(G0): glamor X acceleration enabled on NVD7
[    44.132] (II) modeset(G0): glamor initialized
[    44.132] (==) modeset(G0): Using gamma correction (1.0, 1.0, 1.0)
[    44.132] (==) modeset(G0): DPI set to (96, 96)
[    44.132] (II) Loading sub module "fb"
[    44.132] (II) LoadModule: "fb"
[    44.132] (II) Loading /usr/lib/xorg/modules/libfb.so
[    44.132] (II) Module fb: vendor="X.Org Foundation"
[    44.132] 	compiled for 1.20.4, module version = 1.0.0
[    44.132] 	ABI class: X.Org ANSI C Emulation, version 0.4
[    44.132] (II) UnloadModule: "fbdev"
[    44.132] (II) Unloading fbdev
[    44.133] (II) UnloadSubModule: "fbdevhw"
[    44.133] (II) Unloading fbdevhw
[    44.133] (II) UnloadModule: "vesa"
[    44.133] (II) Unloading vesa
[    44.366] (==) modeset(G0): Backing store enabled
[    44.366] (==) modeset(G0): Silken mouse enabled
[    44.393] (II) modeset(G0): Initializing kms color map for depth 24, 8 bpc.
[    44.393] (==) modeset(G0): DPMS enabled
[    44.394] (II) modeset(G0): [DRI2] Setup complete
[    44.394] (II) modeset(G0): [DRI2]   DRI driver: nouveau
[    44.394] (II) modeset(G0): [DRI2]   VDPAU driver: nouveau
[    44.510] (==) modeset(0): Backing store enabled
[    44.510] (==) modeset(0): Silken mouse enabled
[    44.561] (II) modeset(0): Initializing kms color map for depth 24, 8 bpc.
[    44.562] (==) modeset(0): DPMS enabled
[    44.563] (II) modeset(0): [DRI2] Setup complete
[    44.563] (II) modeset(0): [DRI2]   DRI driver: i965
[    44.563] (II) modeset(0): [DRI2]   VDPAU driver: i965
[    44.563] (II) Initializing extension Generic Event Extension
[    44.563] (II) Initializing extension SHAPE
[    44.563] (II) Initializing extension MIT-SHM
[    44.563] (II) Initializing extension XInputExtension
[    44.564] (II) Initializing extension XTEST
[    44.564] (II) Initializing extension BIG-REQUESTS
[    44.565] (II) Initializing extension SYNC
[    44.565] (II) Initializing extension XKEYBOARD
[    44.565] (II) Initializing extension XC-MISC
[    44.565] (II) Initializing extension SECURITY
[    44.566] (II) Initializing extension XFIXES
[    44.566] (II) Initializing extension RENDER
[    44.566] (II) Initializing extension RANDR
[    44.567] (II) Initializing extension COMPOSITE
[    44.567] (II) Initializing extension DAMAGE
[    44.567] (II) Initializing extension MIT-SCREEN-SAVER
[    44.567] (II) Initializing extension DOUBLE-BUFFER
[    44.568] (II) Initializing extension RECORD
[    44.568] (II) Initializing extension DPMS
[    44.568] (II) Initializing extension Present
[    44.569] (II) Initializing extension DRI3
[    44.569] (II) Initializing extension X-Resource
[    44.569] (II) Initializing extension XVideo
[    44.569] (II) Initializing extension XVideo-MotionCompensation
[    44.569] (II) Initializing extension SELinux
[    44.569] (II) SELinux: Disabled on system
[    44.569] (II) Initializing extension GLX
[    44.577] (II) AIGLX: Loaded and initialized i965
[    44.577] (II) GLX: Initialized DRI2 GL provider for screen 0
[    44.577] (II) Initializing extension XFree86-VidModeExtension
[    44.577] (II) Initializing extension XFree86-DGA
[    44.577] (II) Initializing extension XFree86-DRI
[    44.577] (II) Initializing extension DRI2
[    44.579] (II) modeset(G0): Damage tracking initialized
[    44.580] (II) modeset(0): Damage tracking initialized
[    44.580] (II) modeset(0): Setting screen physical size to 361 x 203
[    44.617] (II) config/udev: Adding input device Power Button (/dev/input/event2)
[    44.617] (**) Power Button: Applying InputClass "libinput keyboard catchall"
[    44.617] (II) LoadModule: "libinput"
[    44.617] (II) Loading /usr/lib/xorg/modules/input/libinput_drv.so
[    44.644] (II) Module libinput: vendor="X.Org Foundation"
[    44.644] 	compiled for 1.20.1, module version = 0.28.1
[    44.644] 	Module class: X.Org XInput Driver
[    44.644] 	ABI class: X.Org XInput driver, version 24.1
[    44.644] (II) Using input driver 'libinput' for 'Power Button'
[    44.645] (II) systemd-logind: got fd for /dev/input/event2 13:66 fd 26 paused 0
[    44.646] (**) Power Button: always reports core events
[    44.646] (**) Option "Device" "/dev/input/event2"
[    44.646] (**) Option "_source" "server/udev"
[    44.647] (II) event2  - Power Button: is tagged by udev as: Keyboard
[    44.647] (II) event2  - Power Button: device is a keyboard
[    44.647] (II) event2  - Power Button: device removed
[    44.647] (**) Option "config_info" "udev:/sys/devices/LNXSYSTM:00/LNXPWRBN:00/input/input2/event2"
[    44.647] (II) XINPUT: Adding extended input device "Power Button" (type: KEYBOARD, id 6)
[    44.647] (**) Option "xkb_model" "pc105"
[    44.648] (**) Option "xkb_layout" "latam"
[    44.677] (II) event2  - Power Button: is tagged by udev as: Keyboard
[    44.677] (II) event2  - Power Button: device is a keyboard
[    44.678] (II) config/udev: Adding input device Video Bus (/dev/input/event7)
[    44.678] (**) Video Bus: Applying InputClass "libinput keyboard catchall"
[    44.678] (II) Using input driver 'libinput' for 'Video Bus'
[    44.679] (II) systemd-logind: got fd for /dev/input/event7 13:71 fd 29 paused 0
[    44.679] (**) Video Bus: always reports core events
[    44.679] (**) Option "Device" "/dev/input/event7"
[    44.679] (**) Option "_source" "server/udev"
[    44.680] (II) event7  - Video Bus: is tagged by udev as: Keyboard
[    44.680] (II) event7  - Video Bus: device is a keyboard
[    44.680] (II) event7  - Video Bus: device removed
[    44.680] (**) Option "config_info" "udev:/sys/devices/LNXSYSTM:00/LNXSYBUS:00/PNP0A08:00/LNXVIDEO:01/input/input8/event7"
[    44.680] (II) XINPUT: Adding extended input device "Video Bus" (type: KEYBOARD, id 7)
[    44.680] (**) Option "xkb_model" "pc105"
[    44.680] (**) Option "xkb_layout" "latam"
[    44.681] (II) event7  - Video Bus: is tagged by udev as: Keyboard
[    44.681] (II) event7  - Video Bus: device is a keyboard
[    44.681] (II) config/udev: Adding input device Video Bus (/dev/input/event6)
[    44.682] (**) Video Bus: Applying InputClass "libinput keyboard catchall"
[    44.682] (II) Using input driver 'libinput' for 'Video Bus'
[    44.682] (II) systemd-logind: got fd for /dev/input/event6 13:70 fd 30 paused 0
[    44.682] (**) Video Bus: always reports core events
[    44.682] (**) Option "Device" "/dev/input/event6"
[    44.682] (**) Option "_source" "server/udev"
[    44.683] (II) event6  - Video Bus: is tagged by udev as: Keyboard
[    44.683] (II) event6  - Video Bus: device is a keyboard
[    44.683] (II) event6  - Video Bus: device removed
[    44.683] (**) Option "config_info" "udev:/sys/devices/LNXSYSTM:00/LNXSYBUS:00/PNP0A08:00/device:3b/LNXVIDEO:00/input/input7/event6"
[    44.683] (II) XINPUT: Adding extended input device "Video Bus" (type: KEYBOARD, id 8)
[    44.683] (**) Option "xkb_model" "pc105"
[    44.683] (**) Option "xkb_layout" "latam"
[    44.684] (II) event6  - Video Bus: is tagged by udev as: Keyboard
[    44.684] (II) event6  - Video Bus: device is a keyboard
[    44.685] (II) config/udev: Adding input device Lid Switch (/dev/input/event0)
[    44.685] (II) No input driver specified, ignoring this device.
[    44.685] (II) This device may have been added with another device file.
[    44.685] (II) config/udev: Adding input device Sleep Button (/dev/input/event1)
[    44.685] (**) Sleep Button: Applying InputClass "libinput keyboard catchall"
[    44.685] (II) Using input driver 'libinput' for 'Sleep Button'
[    44.686] (II) systemd-logind: got fd for /dev/input/event1 13:65 fd 31 paused 0
[    44.686] (**) Sleep Button: always reports core events
[    44.686] (**) Option "Device" "/dev/input/event1"
[    44.686] (**) Option "_source" "server/udev"
[    44.687] (II) event1  - Sleep Button: is tagged by udev as: Keyboard
[    44.687] (II) event1  - Sleep Button: device is a keyboard
[    44.687] (II) event1  - Sleep Button: device removed
[    44.687] (**) Option "config_info" "udev:/sys/devices/LNXSYSTM:00/LNXSYBUS:00/PNP0C0E:00/input/input1/event1"
[    44.687] (II) XINPUT: Adding extended input device "Sleep Button" (type: KEYBOARD, id 9)
[    44.687] (**) Option "xkb_model" "pc105"
[    44.687] (**) Option "xkb_layout" "latam"
[    44.688] (II) event1  - Sleep Button: is tagged by udev as: Keyboard
[    44.688] (II) event1  - Sleep Button: device is a keyboard
[    44.689] (II) config/udev: Adding input device HDA Intel HDMI HDMI/DP,pcm=3 (/dev/input/event11)
[    44.689] (II) No input driver specified, ignoring this device.
[    44.689] (II) This device may have been added with another device file.
[    44.689] (II) config/udev: Adding input device HDA Intel HDMI HDMI/DP,pcm=7 (/dev/input/event12)
[    44.689] (II) No input driver specified, ignoring this device.
[    44.689] (II) This device may have been added with another device file.
[    44.690] (II) config/udev: Adding input device HDA Intel HDMI HDMI/DP,pcm=8 (/dev/input/event13)
[    44.690] (II) No input driver specified, ignoring this device.
[    44.690] (II) This device may have been added with another device file.
[    44.690] (II) config/udev: Adding input device HDA Intel HDMI HDMI/DP,pcm=9 (/dev/input/event14)
[    44.690] (II) No input driver specified, ignoring this device.
[    44.690] (II) This device may have been added with another device file.
[    44.691] (II) config/udev: Adding input device HDA Intel HDMI HDMI/DP,pcm=10 (/dev/input/event15)
[    44.691] (II) No input driver specified, ignoring this device.
[    44.691] (II) This device may have been added with another device file.
[    44.691] (II) config/udev: Adding input device HDA Intel PCH Mic (/dev/input/event9)
[    44.691] (II) No input driver specified, ignoring this device.
[    44.691] (II) This device may have been added with another device file.
[    44.692] (II) config/udev: Adding input device HDA Intel PCH Headphone (/dev/input/event10)
[    44.692] (II) No input driver specified, ignoring this device.
[    44.692] (II) This device may have been added with another device file.
[    44.693] (II) config/udev: Adding input device Lenovo EasyCamera: Lenovo EasyC (/dev/input/event8)
[    44.693] (**) Lenovo EasyCamera: Lenovo EasyC: Applying InputClass "libinput keyboard catchall"
[    44.693] (II) Using input driver 'libinput' for 'Lenovo EasyCamera: Lenovo EasyC'
[    44.694] (II) systemd-logind: got fd for /dev/input/event8 13:72 fd 32 paused 0
[    44.694] (**) Lenovo EasyCamera: Lenovo EasyC: always reports core events
[    44.694] (**) Option "Device" "/dev/input/event8"
[    44.694] (**) Option "_source" "server/udev"
[    44.695] (II) event8  - Lenovo EasyCamera: Lenovo EasyC: is tagged by udev as: Keyboard
[    44.695] (II) event8  - Lenovo EasyCamera: Lenovo EasyC: device is a keyboard
[    44.695] (II) event8  - Lenovo EasyCamera: Lenovo EasyC: device removed
[    44.695] (**) Option "config_info" "udev:/sys/devices/pci0000:00/0000:00:1d.0/usb1/1-1/1-1.4/1-1.4:1.0/input/input9/event8"
[    44.695] (II) XINPUT: Adding extended input device "Lenovo EasyCamera: Lenovo EasyC" (type: KEYBOARD, id 10)
[    44.695] (**) Option "xkb_model" "pc105"
[    44.695] (**) Option "xkb_layout" "latam"
[    44.696] (II) event8  - Lenovo EasyCamera: Lenovo EasyC: is tagged by udev as: Keyboard
[    44.696] (II) event8  - Lenovo EasyCamera: Lenovo EasyC: device is a keyboard
[    44.696] (II) config/udev: Adding input device Ideapad extra buttons (/dev/input/event5)
[    44.696] (**) Ideapad extra buttons: Applying InputClass "libinput keyboard catchall"
[    44.696] (II) Using input driver 'libinput' for 'Ideapad extra buttons'
[    44.697] (II) systemd-logind: got fd for /dev/input/event5 13:69 fd 33 paused 0
[    44.697] (**) Ideapad extra buttons: always reports core events
[    44.697] (**) Option "Device" "/dev/input/event5"
[    44.697] (**) Option "_source" "server/udev"
[    44.698] (II) event5  - Ideapad extra buttons: is tagged by udev as: Keyboard
[    44.698] (II) event5  - Ideapad extra buttons: device is a keyboard
[    44.698] (II) event5  - Ideapad extra buttons: device removed
[    44.698] (**) Option "config_info" "udev:/sys/devices/pci0000:00/0000:00:1f.0/PNP0C09:00/VPC2004:00/input/input6/event5"
[    44.698] (II) XINPUT: Adding extended input device "Ideapad extra buttons" (type: KEYBOARD, id 11)
[    44.698] (**) Option "xkb_model" "pc105"
[    44.698] (**) Option "xkb_layout" "latam"
[    44.699] (II) event5  - Ideapad extra buttons: is tagged by udev as: Keyboard
[    44.699] (II) event5  - Ideapad extra buttons: device is a keyboard
[    44.699] (II) config/udev: Adding input device AT Translated Set 2 keyboard (/dev/input/event3)
[    44.699] (**) AT Translated Set 2 keyboard: Applying InputClass "libinput keyboard catchall"
[    44.699] (II) Using input driver 'libinput' for 'AT Translated Set 2 keyboard'
[    44.700] (II) systemd-logind: got fd for /dev/input/event3 13:67 fd 34 paused 0
[    44.700] (**) AT Translated Set 2 keyboard: always reports core events
[    44.700] (**) Option "Device" "/dev/input/event3"
[    44.700] (**) Option "_source" "server/udev"
[    44.701] (II) event3  - AT Translated Set 2 keyboard: is tagged by udev as: Keyboard
[    44.701] (II) event3  - AT Translated Set 2 keyboard: device is a keyboard
[    44.701] (II) event3  - AT Translated Set 2 keyboard: device removed
[    44.701] (**) Option "config_info" "udev:/sys/devices/platform/i8042/serio0/input/input3/event3"
[    44.701] (II) XINPUT: Adding extended input device "AT Translated Set 2 keyboard" (type: KEYBOARD, id 12)
[    44.701] (**) Option "xkb_model" "pc105"
[    44.701] (**) Option "xkb_layout" "latam"
[    44.702] (II) event3  - AT Translated Set 2 keyboard: is tagged by udev as: Keyboard
[    44.702] (II) event3  - AT Translated Set 2 keyboard: device is a keyboard
[    44.703] (II) config/udev: Adding input device AlpsPS/2 ALPS GlidePoint (/dev/input/event4)
[    44.703] (**) AlpsPS/2 ALPS GlidePoint: Applying InputClass "libinput touchpad catchall"
[    44.703] (II) Using input driver 'libinput' for 'AlpsPS/2 ALPS GlidePoint'
[    44.703] (II) systemd-logind: got fd for /dev/input/event4 13:68 fd 35 paused 0
[    44.703] (**) AlpsPS/2 ALPS GlidePoint: always reports core events
[    44.703] (**) Option "Device" "/dev/input/event4"
[    44.703] (**) Option "_source" "server/udev"
[    44.704] (II) event4  - AlpsPS/2 ALPS GlidePoint: is tagged by udev as: Touchpad
[    44.704] (II) event4  - AlpsPS/2 ALPS GlidePoint: no resolution or size hints, assuming a size of 69x50mm
[    44.704] (II) event4  - AlpsPS/2 ALPS GlidePoint: device is a touchpad
[    44.704] (II) event4  - AlpsPS/2 ALPS GlidePoint: device removed
[    44.704] (**) Option "config_info" "udev:/sys/devices/platform/i8042/serio1/input/input5/event4"
[    44.704] (II) XINPUT: Adding extended input device "AlpsPS/2 ALPS GlidePoint" (type: TOUCHPAD, id 13)
[    44.705] (**) Option "AccelerationScheme" "none"
[    44.705] (**) AlpsPS/2 ALPS GlidePoint: (accel) selected scheme none/0
[    44.705] (**) AlpsPS/2 ALPS GlidePoint: (accel) acceleration factor: 2.000
[    44.705] (**) AlpsPS/2 ALPS GlidePoint: (accel) acceleration threshold: 4
[    44.705] (II) event4  - AlpsPS/2 ALPS GlidePoint: is tagged by udev as: Touchpad
[    44.705] (II) event4  - AlpsPS/2 ALPS GlidePoint: no resolution or size hints, assuming a size of 69x50mm
[    44.705] (II) event4  - AlpsPS/2 ALPS GlidePoint: device is a touchpad
[    44.706] (II) config/udev: Adding input device AlpsPS/2 ALPS GlidePoint (/dev/input/mouse0)
[    44.706] (II) No input driver specified, ignoring this device.
[    44.706] (II) This device may have been added with another device file.
[    46.132] (II) modeset(0): EDID vendor "CMN", prod id 5238
[    46.132] (II) modeset(0): Printing DDC gathered Modelines:
[    46.132] (II) modeset(0): Modeline "1366x768"x0.0   71.59  1366 1410 1439 1512  768 771 775 789 -hsync -vsync (47.3 kHz eP)
